{"C:\\Users\\Mike\\bcrepo\\homeworks\\RedPandas\\public\\js\\getmatch.js": {"path":"C:\\Users\\Mike\\bcrepo\\homeworks\\RedPandas\\public\\js\\getmatch.js","statementMap":{"0":{"start":{"line":1,"column":14},"end":{"line":1,"column":30}},"1":{"start":{"line":3,"column":20},"end":{"line":3,"column":46}},"2":{"start":{"line":4,"column":19},"end":{"line":4,"column":29}},"3":{"start":{"line":5,"column":23},"end":{"line":5,"column":41}},"4":{"start":{"line":6,"column":23},"end":{"line":6,"column":52}},"5":{"start":{"line":7,"column":21},"end":{"line":7,"column":37}},"6":{"start":{"line":8,"column":19},"end":{"line":8,"column":35}},"7":{"start":{"line":9,"column":23},"end":{"line":9,"column":45}},"8":{"start":{"line":10,"column":17},"end":{"line":10,"column":26}},"9":{"start":{"line":12,"column":25},"end":{"line":31,"column":1}},"10":{"start":{"line":13,"column":4},"end":{"line":30,"column":5}},"11":{"start":{"line":14,"column":28},"end":{"line":14,"column":30}},"12":{"start":{"line":15,"column":8},"end":{"line":28,"column":11}},"13":{"start":{"line":18,"column":12},"end":{"line":20,"column":15}},"14":{"start":{"line":19,"column":16},"end":{"line":19,"column":30}},"15":{"start":{"line":23,"column":12},"end":{"line":25,"column":15}},"16":{"start":{"line":24,"column":16},"end":{"line":24,"column":30}},"17":{"start":{"line":27,"column":12},"end":{"line":27,"column":25}},"18":{"start":{"line":34,"column":18},"end":{"line":34,"column":29}},"19":{"start":{"line":35,"column":4},"end":{"line":59,"column":5}},"20":{"start":{"line":38,"column":37},"end":{"line":38,"column":69}},"21":{"start":{"line":39,"column":12},"end":{"line":39,"column":46}},"22":{"start":{"line":47,"column":12},"end":{"line":47,"column":47}},"23":{"start":{"line":48,"column":12},"end":{"line":48,"column":18}},"24":{"start":{"line":50,"column":12},"end":{"line":53,"column":13}},"25":{"start":{"line":51,"column":33},"end":{"line":51,"column":72}},"26":{"start":{"line":52,"column":16},"end":{"line":52,"column":42}},"27":{"start":{"line":54,"column":12},"end":{"line":54,"column":60}},"28":{"start":{"line":55,"column":12},"end":{"line":55,"column":18}},"29":{"start":{"line":57,"column":24},"end":{"line":57,"column":58}},"30":{"start":{"line":58,"column":12},"end":{"line":58,"column":33}},"31":{"start":{"line":62,"column":4},"end":{"line":68,"column":5}},"32":{"start":{"line":63,"column":8},"end":{"line":63,"column":50}},"33":{"start":{"line":65,"column":8},"end":{"line":65,"column":20}},"34":{"start":{"line":67,"column":8},"end":{"line":67,"column":18}},"35":{"start":{"line":71,"column":0},"end":{"line":80,"column":2}}},"fnMap":{"0":{"name":"(anonymous_0)","decl":{"start":{"line":12,"column":25},"end":{"line":12,"column":26}},"loc":{"start":{"line":12,"column":44},"end":{"line":31,"column":1}},"line":12},"1":{"name":"(anonymous_1)","decl":{"start":{"line":13,"column":24},"end":{"line":13,"column":25}},"loc":{"start":{"line":13,"column":51},"end":{"line":29,"column":5}},"line":13},"2":{"name":"(anonymous_2)","decl":{"start":{"line":15,"column":27},"end":{"line":15,"column":28}},"loc":{"start":{"line":15,"column":37},"end":{"line":26,"column":9}},"line":15},"3":{"name":"(anonymous_3)","decl":{"start":{"line":18,"column":28},"end":{"line":18,"column":29}},"loc":{"start":{"line":18,"column":39},"end":{"line":20,"column":13}},"line":18},"4":{"name":"(anonymous_4)","decl":{"start":{"line":23,"column":27},"end":{"line":23,"column":28}},"loc":{"start":{"line":23,"column":33},"end":{"line":25,"column":13}},"line":23},"5":{"name":"(anonymous_5)","decl":{"start":{"line":26,"column":23},"end":{"line":26,"column":24}},"loc":{"start":{"line":26,"column":32},"end":{"line":28,"column":9}},"line":26},"6":{"name":"getMatch","decl":{"start":{"line":33,"column":15},"end":{"line":33,"column":23}},"loc":{"start":{"line":33,"column":50},"end":{"line":69,"column":1}},"line":33}},"branchMap":{"0":{"loc":{"start":{"line":35,"column":4},"end":{"line":59,"column":5}},"type":"switch","locations":[{"start":{"line":36,"column":8},"end":{"line":36,"column":18}},{"start":{"line":37,"column":8},"end":{"line":39,"column":46}},{"start":{"line":40,"column":8},"end":{"line":40,"column":24}},{"start":{"line":41,"column":8},"end":{"line":41,"column":28}},{"start":{"line":42,"column":8},"end":{"line":42,"column":26}},{"start":{"line":43,"column":8},"end":{"line":43,"column":24}},{"start":{"line":44,"column":8},"end":{"line":44,"column":28}},{"start":{"line":45,"column":8},"end":{"line":48,"column":18}},{"start":{"line":49,"column":8},"end":{"line":55,"column":18}},{"start":{"line":56,"column":8},"end":{"line":58,"column":33}}],"line":35},"1":{"loc":{"start":{"line":50,"column":12},"end":{"line":53,"column":13}},"type":"if","locations":[{"start":{"line":50,"column":12},"end":{"line":53,"column":13}},{"start":{"line":50,"column":12},"end":{"line":53,"column":13}}],"line":50}},"s":{"0":1,"1":1,"2":1,"3":1,"4":1,"5":1,"6":1,"7":1,"8":1,"9":1,"10":7,"11":7,"12":7,"13":0,"14":0,"15":0,"16":0,"17":0,"18":10,"19":10,"20":1,"21":1,"22":6,"23":6,"24":2,"25":1,"26":1,"27":1,"28":1,"29":1,"30":1,"31":7,"32":7,"33":0,"34":0,"35":1},"f":{"0":7,"1":7,"2":0,"3":0,"4":0,"5":0,"6":10},"b":{"0":[1,1,1,2,3,4,5,6,2,1],"1":[1,1]},"_coverageSchema":"332fd63041d2c1bcb487cc26dd0d5f7d97098a6c","hash":"03bff298727b87d34dee061fc51452a9eea7b322"}
}
