TN:
SF:C:\Users\Mike\bcrepo\homeworks\RedPandas\public\js\getmatch.js
FN:12,(anonymous_0)
FN:13,(anonymous_1)
FN:15,(anonymous_2)
FN:18,(anonymous_3)
FN:23,(anonymous_4)
FN:26,(anonymous_5)
FN:33,getMatch
FNF:7
FNH:3
FNDA:7,(anonymous_0)
FNDA:7,(anonymous_1)
FNDA:0,(anonymous_2)
FNDA:0,(anonymous_3)
FNDA:0,(anonymous_4)
FNDA:0,(anonymous_5)
FNDA:10,getMatch
DA:1,1
DA:3,1
DA:4,1
DA:5,1
DA:6,1
DA:7,1
DA:8,1
DA:9,1
DA:10,1
DA:12,1
DA:13,7
DA:14,7
DA:15,7
DA:18,0
DA:19,0
DA:23,0
DA:24,0
DA:27,0
DA:34,10
DA:35,10
DA:38,1
DA:39,1
DA:47,6
DA:48,6
DA:50,2
DA:51,1
DA:52,1
DA:54,1
DA:55,1
DA:57,1
DA:58,1
DA:62,7
DA:63,7
DA:65,0
DA:67,0
DA:71,1
LF:36
LH:29
BRDA:35,0,0,1
BRDA:35,0,1,1
BRDA:35,0,2,1
BRDA:35,0,3,2
BRDA:35,0,4,3
BRDA:35,0,5,4
BRDA:35,0,6,5
BRDA:35,0,7,6
BRDA:35,0,8,2
BRDA:35,0,9,1
BRDA:50,1,0,1
BRDA:50,1,1,1
BRF:12
BRH:12
end_of_record
